<?xml version="1.0" encoding="UTF-8"?>
<coverage generated="1733016444176" clover="3.2.0">
  <project timestamp="1733016444176" name="All files">
    <metrics statements="129" coveredstatements="129" conditionals="37" coveredconditionals="37" methods="25" coveredmethods="25" elements="191" coveredelements="191" complexity="0" loc="129" ncloc="129" packages="11" files="20" classes="20"/>
    <package name="components.Header">
      <metrics statements="10" coveredstatements="10" conditionals="2" coveredconditionals="2" methods="2" coveredmethods="2"/>
      <file name="Header.tsx" path="/home/wendell/projetos/testes/desbravador-serch/src/components/Header/Header.tsx">
        <metrics statements="9" coveredstatements="9" conditionals="2" coveredconditionals="2" methods="2" coveredmethods="2"/>
        <line num="1" count="1" type="stmt"/>
        <line num="2" count="1" type="stmt"/>
        <line num="4" count="1" type="stmt"/>
        <line num="5" count="3" type="stmt"/>
        <line num="6" count="3" type="stmt"/>
        <line num="7" count="3" type="stmt"/>
        <line num="9" count="3" type="stmt"/>
        <line num="10" count="1" type="stmt"/>
        <line num="13" count="3" type="stmt"/>
      </file>
      <file name="index.ts" path="/home/wendell/projetos/testes/desbravador-serch/src/components/Header/index.ts">
        <metrics statements="1" coveredstatements="1" conditionals="0" coveredconditionals="0" methods="0" coveredmethods="0"/>
        <line num="1" count="1" type="stmt"/>
      </file>
    </package>
    <package name="components.Loading">
      <metrics statements="3" coveredstatements="3" conditionals="0" coveredconditionals="0" methods="1" coveredmethods="1"/>
      <file name="Loading.tsx" path="/home/wendell/projetos/testes/desbravador-serch/src/components/Loading/Loading.tsx">
        <metrics statements="2" coveredstatements="2" conditionals="0" coveredconditionals="0" methods="1" coveredmethods="1"/>
        <line num="1" count="6" type="stmt"/>
        <line num="3" count="21" type="stmt"/>
      </file>
      <file name="index.ts" path="/home/wendell/projetos/testes/desbravador-serch/src/components/Loading/index.ts">
        <metrics statements="1" coveredstatements="1" conditionals="0" coveredconditionals="0" methods="0" coveredmethods="0"/>
        <line num="1" count="5" type="stmt"/>
      </file>
    </package>
    <package name="components.RepoDetails">
      <metrics statements="23" coveredstatements="23" conditionals="9" coveredconditionals="9" methods="3" coveredmethods="3"/>
      <file name="RepoDetails.tsx" path="/home/wendell/projetos/testes/desbravador-serch/src/components/RepoDetails/RepoDetails.tsx">
        <metrics statements="22" coveredstatements="22" conditionals="9" coveredconditionals="9" methods="3" coveredmethods="3"/>
        <line num="1" count="2" type="stmt"/>
        <line num="2" count="2" type="stmt"/>
        <line num="3" count="2" type="stmt"/>
        <line num="4" count="2" type="stmt"/>
        <line num="23" count="2" type="stmt"/>
        <line num="24" count="13" type="stmt"/>
        <line num="25" count="13" type="stmt"/>
        <line num="26" count="13" type="stmt"/>
        <line num="28" count="13" type="stmt"/>
        <line num="29" count="7" type="stmt"/>
        <line num="30" count="7" type="stmt"/>
        <line num="31" count="7" type="stmt"/>
        <line num="32" count="7" type="stmt"/>
        <line num="33" count="5" type="stmt"/>
        <line num="35" count="1" type="stmt"/>
        <line num="37" count="6" type="stmt"/>
        <line num="41" count="7" type="stmt"/>
        <line num="44" count="13" type="cond" truecount="1" falsecount="0"/>
        <line num="45" count="1" type="stmt"/>
        <line num="48" count="12" type="cond" truecount="1" falsecount="0"/>
        <line num="50" count="5" type="cond" truecount="1" falsecount="0"/>
        <line num="52" count="4" type="stmt"/>
      </file>
      <file name="index.ts" path="/home/wendell/projetos/testes/desbravador-serch/src/components/RepoDetails/index.ts">
        <metrics statements="1" coveredstatements="1" conditionals="0" coveredconditionals="0" methods="0" coveredmethods="0"/>
        <line num="1" count="1" type="stmt"/>
      </file>
    </package>
    <package name="components.RepoList">
      <metrics statements="33" coveredstatements="33" conditionals="7" coveredconditionals="7" methods="8" coveredmethods="8"/>
      <file name="RepoList.tsx" path="/home/wendell/projetos/testes/desbravador-serch/src/components/RepoList/RepoList.tsx">
        <metrics statements="32" coveredstatements="32" conditionals="7" coveredconditionals="7" methods="8" coveredmethods="8"/>
        <line num="1" count="2" type="stmt"/>
        <line num="2" count="2" type="stmt"/>
        <line num="3" count="2" type="stmt"/>
        <line num="4" count="2" type="stmt"/>
        <line num="5" count="2" type="stmt"/>
        <line num="6" count="2" type="stmt"/>
        <line num="18" count="2" type="stmt"/>
        <line num="19" count="14" type="stmt"/>
        <line num="20" count="14" type="stmt"/>
        <line num="21" count="14" type="stmt"/>
        <line num="22" count="14" type="stmt"/>
        <line num="24" count="14" type="stmt"/>
        <line num="25" count="7" type="cond" truecount="2" falsecount="0"/>
        <line num="28" count="14" type="stmt"/>
        <line num="29" count="7" type="stmt"/>
        <line num="30" count="7" type="stmt"/>
        <line num="31" count="7" type="stmt"/>
        <line num="32" count="7" type="stmt"/>
        <line num="33" count="5" type="stmt"/>
        <line num="34" count="5" type="stmt"/>
        <line num="36" count="1" type="stmt"/>
        <line num="38" count="6" type="stmt"/>
        <line num="42" count="7" type="stmt"/>
        <line num="45" count="14" type="stmt"/>
        <line num="46" count="1" type="stmt"/>
        <line num="49" count="14" type="stmt"/>
        <line num="50" count="18" type="stmt"/>
        <line num="51" count="18" type="stmt"/>
        <line num="55" count="15" type="stmt"/>
        <line num="65" count="14" type="cond" truecount="1" falsecount="0"/>
        <line num="66" count="1" type="stmt"/>
        <line num="69" count="13" type="stmt"/>
      </file>
      <file name="index.ts" path="/home/wendell/projetos/testes/desbravador-serch/src/components/RepoList/index.ts">
        <metrics statements="1" coveredstatements="1" conditionals="0" coveredconditionals="0" methods="0" coveredmethods="0"/>
        <line num="1" count="1" type="stmt"/>
      </file>
    </package>
    <package name="components.UserDetails">
      <metrics statements="19" coveredstatements="19" conditionals="4" coveredconditionals="4" methods="3" coveredmethods="3"/>
      <file name="UserDetails.tsx" path="/home/wendell/projetos/testes/desbravador-serch/src/components/UserDetails/UserDetails.tsx">
        <metrics statements="18" coveredstatements="18" conditionals="4" coveredconditionals="4" methods="3" coveredmethods="3"/>
        <line num="1" count="2" type="stmt"/>
        <line num="2" count="2" type="stmt"/>
        <line num="3" count="2" type="stmt"/>
        <line num="4" count="2" type="stmt"/>
        <line num="20" count="2" type="stmt"/>
        <line num="21" count="11" type="stmt"/>
        <line num="22" count="11" type="stmt"/>
        <line num="24" count="11" type="stmt"/>
        <line num="25" count="6" type="stmt"/>
        <line num="26" count="6" type="stmt"/>
        <line num="27" count="6" type="stmt"/>
        <line num="28" count="4" type="stmt"/>
        <line num="30" count="1" type="stmt"/>
        <line num="34" count="6" type="stmt"/>
        <line num="37" count="11" type="cond" truecount="1" falsecount="0"/>
        <line num="38" count="1" type="stmt"/>
        <line num="41" count="10" type="cond" truecount="1" falsecount="0"/>
        <line num="43" count="4" type="stmt"/>
      </file>
      <file name="index.ts" path="/home/wendell/projetos/testes/desbravador-serch/src/components/UserDetails/index.ts">
        <metrics statements="1" coveredstatements="1" conditionals="0" coveredconditionals="0" methods="0" coveredmethods="0"/>
        <line num="1" count="1" type="stmt"/>
      </file>
    </package>
    <package name="components.UserSearch">
      <metrics statements="16" coveredstatements="16" conditionals="6" coveredconditionals="6" methods="3" coveredmethods="3"/>
      <file name="UserSearch.tsx" path="/home/wendell/projetos/testes/desbravador-serch/src/components/UserSearch/UserSearch.tsx">
        <metrics statements="16" coveredstatements="16" conditionals="6" coveredconditionals="6" methods="3" coveredmethods="3"/>
        <line num="1" count="1" type="stmt"/>
        <line num="2" count="1" type="stmt"/>
        <line num="3" count="1" type="stmt"/>
        <line num="4" count="1" type="stmt"/>
        <line num="6" count="1" type="stmt"/>
        <line num="7" count="11" type="stmt"/>
        <line num="8" count="11" type="stmt"/>
        <line num="9" count="11" type="stmt"/>
        <line num="11" count="11" type="stmt"/>
        <line num="12" count="4" type="stmt"/>
        <line num="14" count="4" type="cond" truecount="4" falsecount="0"/>
        <line num="15" count="2" type="stmt"/>
        <line num="16" count="2" type="stmt"/>
        <line num="18" count="2" type="stmt"/>
        <line num="22" count="11" type="stmt"/>
        <line num="30" count="4" type="stmt"/>
      </file>
    </package>
    <package name="pages.Home">
      <metrics statements="4" coveredstatements="4" conditionals="0" coveredconditionals="0" methods="1" coveredmethods="1"/>
      <file name="Home.tsx" path="/home/wendell/projetos/testes/desbravador-serch/src/pages/Home/Home.tsx">
        <metrics statements="3" coveredstatements="3" conditionals="0" coveredconditionals="0" methods="1" coveredmethods="1"/>
        <line num="1" count="1" type="stmt"/>
        <line num="3" count="1" type="stmt"/>
        <line num="4" count="2" type="stmt"/>
      </file>
      <file name="index.ts" path="/home/wendell/projetos/testes/desbravador-serch/src/pages/Home/index.ts">
        <metrics statements="1" coveredstatements="1" conditionals="0" coveredconditionals="0" methods="0" coveredmethods="0"/>
        <line num="1" count="1" type="stmt"/>
      </file>
    </package>
    <package name="pages.Repo">
      <metrics statements="6" coveredstatements="6" conditionals="4" coveredconditionals="4" methods="1" coveredmethods="1"/>
      <file name="Repo.tsx" path="/home/wendell/projetos/testes/desbravador-serch/src/pages/Repo/Repo.tsx">
        <metrics statements="5" coveredstatements="5" conditionals="4" coveredconditionals="4" methods="1" coveredmethods="1"/>
        <line num="1" count="1" type="stmt"/>
        <line num="2" count="1" type="stmt"/>
        <line num="4" count="1" type="stmt"/>
        <line num="5" count="2" type="stmt"/>
        <line num="7" count="2" type="stmt"/>
      </file>
      <file name="index.ts" path="/home/wendell/projetos/testes/desbravador-serch/src/pages/Repo/index.ts">
        <metrics statements="1" coveredstatements="1" conditionals="0" coveredconditionals="0" methods="0" coveredmethods="0"/>
        <line num="1" count="1" type="stmt"/>
      </file>
    </package>
    <package name="pages.User">
      <metrics statements="7" coveredstatements="7" conditionals="4" coveredconditionals="4" methods="1" coveredmethods="1"/>
      <file name="User.tsx" path="/home/wendell/projetos/testes/desbravador-serch/src/pages/User/User.tsx">
        <metrics statements="6" coveredstatements="6" conditionals="4" coveredconditionals="4" methods="1" coveredmethods="1"/>
        <line num="1" count="1" type="stmt"/>
        <line num="2" count="1" type="stmt"/>
        <line num="3" count="1" type="stmt"/>
        <line num="5" count="1" type="stmt"/>
        <line num="6" count="2" type="stmt"/>
        <line num="8" count="2" type="stmt"/>
      </file>
      <file name="index.ts" path="/home/wendell/projetos/testes/desbravador-serch/src/pages/User/index.ts">
        <metrics statements="1" coveredstatements="1" conditionals="0" coveredconditionals="0" methods="0" coveredmethods="0"/>
        <line num="1" count="1" type="stmt"/>
      </file>
    </package>
    <package name="utils.errorHandler">
      <metrics statements="5" coveredstatements="5" conditionals="1" coveredconditionals="1" methods="1" coveredmethods="1"/>
      <file name="errorHandler.ts" path="/home/wendell/projetos/testes/desbravador-serch/src/utils/errorHandler/errorHandler.ts">
        <metrics statements="4" coveredstatements="4" conditionals="1" coveredconditionals="1" methods="1" coveredmethods="1"/>
        <line num="1" count="3" type="stmt"/>
        <line num="2" count="5" type="cond" truecount="1" falsecount="0"/>
        <line num="3" count="1" type="stmt"/>
        <line num="5" count="4" type="stmt"/>
      </file>
      <file name="index.ts" path="/home/wendell/projetos/testes/desbravador-serch/src/utils/errorHandler/index.ts">
        <metrics statements="1" coveredstatements="1" conditionals="0" coveredconditionals="0" methods="0" coveredmethods="0"/>
        <line num="1" count="2" type="stmt"/>
      </file>
    </package>
    <package name="utils.githubValidation">
      <metrics statements="3" coveredstatements="3" conditionals="0" coveredconditionals="0" methods="1" coveredmethods="1"/>
      <file name="githubValidation.ts" path="/home/wendell/projetos/testes/desbravador-serch/src/utils/githubValidation/githubValidation.ts">
        <metrics statements="3" coveredstatements="3" conditionals="0" coveredconditionals="0" methods="1" coveredmethods="1"/>
        <line num="1" count="1" type="stmt"/>
        <line num="2" count="19" type="stmt"/>
        <line num="3" count="19" type="stmt"/>
      </file>
    </package>
  </project>
</coverage>
