{"/home/wendell/projetos/testes/desbravador-serch/src/components/Header/Header.tsx": {"path":"/home/wendell/projetos/testes/desbravador-serch/src/components/Header/Header.tsx","statementMap":{"0":{"start":{"line":1,"column":0},"end":{"line":1,"column":60}},"1":{"start":{"line":2,"column":0},"end":{"line":2,"column":66}},"2":{"start":{"line":4,"column":22},"end":{"line":33,"column":1}},"3":{"start":{"line":5,"column":21},"end":{"line":5,"column":34}},"4":{"start":{"line":6,"column":21},"end":{"line":6,"column":34}},"5":{"start":{"line":7,"column":19},"end":{"line":7,"column":44}},"6":{"start":{"line":9,"column":28},"end":{"line":11,"column":5}},"7":{"start":{"line":10,"column":8},"end":{"line":10,"column":21}},"8":{"start":{"line":13,"column":4},"end":{"line":32,"column":6}},"9":{"start":{"line":4,"column":13},"end":{"line":4,"column":22}}},"fnMap":{"0":{"name":"(anonymous_0)","decl":{"start":{"line":4,"column":22},"end":{"line":4,"column":25}},"loc":{"start":{"line":4,"column":27},"end":{"line":33,"column":1}}},"1":{"name":"(anonymous_1)","decl":{"start":{"line":9,"column":28},"end":{"line":9,"column":31}},"loc":{"start":{"line":9,"column":33},"end":{"line":11,"column":5}}}},"branchMap":{"0":{"loc":{"start":{"line":20,"column":29},"end":{"line":25,"column":null}},"type":"binary-expr","locations":[{"start":{"line":20,"column":29},"end":{"line":20,"column":36}},{"start":{"line":21,"column":32},"end":{"line":24,"column":null}}]}},"s":{"0":1,"1":1,"2":1,"3":3,"4":3,"5":3,"6":3,"7":1,"8":3,"9":1},"f":{"0":3,"1":1},"b":{"0":[3,1]}}
,"/home/wendell/projetos/testes/desbravador-serch/src/components/Header/index.ts": {"path":"/home/wendell/projetos/testes/desbravador-serch/src/components/Header/index.ts","statementMap":{"0":{"start":{"line":1,"column":0},"end":{"line":1,"column":24}}},"fnMap":{},"branchMap":{},"s":{"0":1},"f":{},"b":{}}
,"/home/wendell/projetos/testes/desbravador-serch/src/components/Loading/Loading.tsx": {"path":"/home/wendell/projetos/testes/desbravador-serch/src/components/Loading/Loading.tsx","statementMap":{"0":{"start":{"line":1,"column":23},"end":{"line":11,"column":1}},"1":{"start":{"line":3,"column":4},"end":{"line":10,"column":6}},"2":{"start":{"line":1,"column":13},"end":{"line":1,"column":23}}},"fnMap":{"0":{"name":"(anonymous_0)","decl":{"start":{"line":1,"column":23},"end":{"line":1,"column":26}},"loc":{"start":{"line":1,"column":28},"end":{"line":11,"column":1}}}},"branchMap":{},"s":{"0":6,"1":21,"2":6},"f":{"0":21},"b":{}}
,"/home/wendell/projetos/testes/desbravador-serch/src/components/Loading/index.ts": {"path":"/home/wendell/projetos/testes/desbravador-serch/src/components/Loading/index.ts","statementMap":{"0":{"start":{"line":1,"column":0},"end":{"line":1,"column":25}}},"fnMap":{},"branchMap":{},"s":{"0":5},"f":{},"b":{}}
,"/home/wendell/projetos/testes/desbravador-serch/src/components/RepoDetails/RepoDetails.tsx": {"path":"/home/wendell/projetos/testes/desbravador-serch/src/components/RepoDetails/RepoDetails.tsx","statementMap":{"0":{"start":{"line":1,"column":0},"end":{"line":1,"column":44}},"1":{"start":{"line":2,"column":0},"end":{"line":2,"column":48}},"2":{"start":{"line":3,"column":0},"end":{"line":3,"column":47}},"3":{"start":{"line":4,"column":0},"end":{"line":4,"column":55}},"4":{"start":{"line":23,"column":27},"end":{"line":74,"column":1}},"5":{"start":{"line":24,"column":28},"end":{"line":24,"column":55}},"6":{"start":{"line":25,"column":30},"end":{"line":25,"column":59}},"7":{"start":{"line":26,"column":34},"end":{"line":26,"column":57}},"8":{"start":{"line":28,"column":4},"end":{"line":42,"column":29}},"9":{"start":{"line":29,"column":33},"end":{"line":39,"column":9}},"10":{"start":{"line":30,"column":12},"end":{"line":30,"column":29}},"11":{"start":{"line":31,"column":12},"end":{"line":38,"column":13}},"12":{"start":{"line":32,"column":33},"end":{"line":32,"column":73}},"13":{"start":{"line":33,"column":16},"end":{"line":33,"column":34}},"14":{"start":{"line":35,"column":16},"end":{"line":35,"column":47}},"15":{"start":{"line":37,"column":16},"end":{"line":37,"column":34}},"16":{"start":{"line":41,"column":8},"end":{"line":41,"column":27}},"17":{"start":{"line":44,"column":4},"end":{"line":46,"column":5}},"18":{"start":{"line":45,"column":8},"end":{"line":45,"column":78}},"19":{"start":{"line":48,"column":4},"end":{"line":48,"column":36}},"20":{"start":{"line":48,"column":17},"end":{"line":48,"column":36}},"21":{"start":{"line":50,"column":4},"end":{"line":50,"column":60}},"22":{"start":{"line":50,"column":15},"end":{"line":50,"column":60}},"23":{"start":{"line":52,"column":4},"end":{"line":73,"column":6}},"24":{"start":{"line":23,"column":13},"end":{"line":23,"column":27}}},"fnMap":{"0":{"name":"(anonymous_0)","decl":{"start":{"line":23,"column":27},"end":{"line":23,"column":28}},"loc":{"start":{"line":23,"column":72},"end":{"line":74,"column":1}}},"1":{"name":"(anonymous_1)","decl":{"start":{"line":28,"column":14},"end":{"line":28,"column":17}},"loc":{"start":{"line":28,"column":19},"end":{"line":42,"column":5}}},"2":{"name":"(anonymous_2)","decl":{"start":{"line":29,"column":33},"end":{"line":29,"column":38}},"loc":{"start":{"line":29,"column":44},"end":{"line":39,"column":9}}}},"branchMap":{"0":{"loc":{"start":{"line":44,"column":4},"end":{"line":46,"column":5}},"type":"if","locations":[{"start":{"line":44,"column":4},"end":{"line":46,"column":5}}]},"1":{"loc":{"start":{"line":48,"column":4},"end":{"line":48,"column":36}},"type":"if","locations":[{"start":{"line":48,"column":4},"end":{"line":48,"column":36}}]},"2":{"loc":{"start":{"line":50,"column":4},"end":{"line":50,"column":60}},"type":"if","locations":[{"start":{"line":50,"column":4},"end":{"line":50,"column":60}}]},"3":{"loc":{"start":{"line":58,"column":111},"end":{"line":58,"column":146}},"type":"binary-expr","locations":[{"start":{"line":58,"column":111},"end":{"line":58,"column":127}},{"start":{"line":58,"column":131},"end":{"line":58,"column":146}}]},"4":{"loc":{"start":{"line":64,"column":112},"end":{"line":64,"column":127}},"type":"binary-expr","locations":[{"start":{"line":64,"column":112},"end":{"line":64,"column":122}},{"start":{"line":64,"column":126},"end":{"line":64,"column":127}}]},"5":{"loc":{"start":{"line":65,"column":127},"end":{"line":65,"column":148}},"type":"binary-expr","locations":[{"start":{"line":65,"column":127},"end":{"line":65,"column":143}},{"start":{"line":65,"column":147},"end":{"line":65,"column":148}}]}},"s":{"0":2,"1":2,"2":2,"3":2,"4":2,"5":13,"6":13,"7":13,"8":13,"9":7,"10":7,"11":7,"12":7,"13":5,"14":1,"15":6,"16":7,"17":13,"18":1,"19":12,"20":7,"21":5,"22":1,"23":4,"24":2},"f":{"0":13,"1":7,"2":7},"b":{"0":[1],"1":[7],"2":[1],"3":[4,1],"4":[4,1],"5":[4,1]}}
,"/home/wendell/projetos/testes/desbravador-serch/src/components/RepoDetails/index.ts": {"path":"/home/wendell/projetos/testes/desbravador-serch/src/components/RepoDetails/index.ts","statementMap":{"0":{"start":{"line":1,"column":0},"end":{"line":1,"column":29}}},"fnMap":{},"branchMap":{},"s":{"0":1},"f":{},"b":{}}
,"/home/wendell/projetos/testes/desbravador-serch/src/components/RepoList/RepoList.tsx": {"path":"/home/wendell/projetos/testes/desbravador-serch/src/components/RepoList/RepoList.tsx","statementMap":{"0":{"start":{"line":1,"column":0},"end":{"line":1,"column":51}},"1":{"start":{"line":2,"column":0},"end":{"line":2,"column":46}},"2":{"start":{"line":3,"column":0},"end":{"line":3,"column":40}},"3":{"start":{"line":4,"column":0},"end":{"line":4,"column":47}},"4":{"start":{"line":5,"column":0},"end":{"line":5,"column":50}},"5":{"start":{"line":6,"column":0},"end":{"line":6,"column":55}},"6":{"start":{"line":18,"column":24},"end":{"line":88,"column":1}},"7":{"start":{"line":19,"column":30},"end":{"line":19,"column":50}},"8":{"start":{"line":20,"column":38},"end":{"line":20,"column":62}},"9":{"start":{"line":21,"column":34},"end":{"line":21,"column":57}},"10":{"start":{"line":22,"column":30},"end":{"line":22,"column":59}},"11":{"start":{"line":24,"column":22},"end":{"line":26,"column":5}},"12":{"start":{"line":25,"column":8},"end":{"line":25,"column":145}},"13":{"start":{"line":25,"column":42},"end":{"line":25,"column":142}},"14":{"start":{"line":28,"column":4},"end":{"line":43,"column":30}},"15":{"start":{"line":29,"column":27},"end":{"line":40,"column":9}},"16":{"start":{"line":30,"column":12},"end":{"line":30,"column":29}},"17":{"start":{"line":31,"column":12},"end":{"line":39,"column":13}},"18":{"start":{"line":32,"column":33},"end":{"line":32,"column":61}},"19":{"start":{"line":33,"column":36},"end":{"line":33,"column":66}},"20":{"start":{"line":34,"column":16},"end":{"line":34,"column":38}},"21":{"start":{"line":36,"column":16},"end":{"line":36,"column":47}},"22":{"start":{"line":38,"column":16},"end":{"line":38,"column":34}},"23":{"start":{"line":42,"column":8},"end":{"line":42,"column":21}},"24":{"start":{"line":45,"column":29},"end":{"line":47,"column":5}},"25":{"start":{"line":46,"column":8},"end":{"line":46,"column":37}},"26":{"start":{"line":49,"column":25},"end":{"line":63,"column":5}},"27":{"start":{"line":50,"column":28},"end":{"line":50,"column":51}},"28":{"start":{"line":51,"column":8},"end":{"line":62,"column":10}},"29":{"start":{"line":55,"column":24},"end":{"line":55,"column":42}},"30":{"start":{"line":65,"column":4},"end":{"line":67,"column":5}},"31":{"start":{"line":66,"column":8},"end":{"line":66,"column":78}},"32":{"start":{"line":69,"column":4},"end":{"line":87,"column":6}},"33":{"start":{"line":18,"column":13},"end":{"line":18,"column":24}}},"fnMap":{"0":{"name":"(anonymous_0)","decl":{"start":{"line":18,"column":24},"end":{"line":18,"column":25}},"loc":{"start":{"line":18,"column":56},"end":{"line":88,"column":1}}},"1":{"name":"(anonymous_1)","decl":{"start":{"line":24,"column":22},"end":{"line":24,"column":23}},"loc":{"start":{"line":24,"column":55},"end":{"line":26,"column":5}}},"2":{"name":"(anonymous_2)","decl":{"start":{"line":25,"column":31},"end":{"line":25,"column":32}},"loc":{"start":{"line":25,"column":42},"end":{"line":25,"column":142}}},"3":{"name":"(anonymous_3)","decl":{"start":{"line":28,"column":14},"end":{"line":28,"column":17}},"loc":{"start":{"line":28,"column":19},"end":{"line":43,"column":5}}},"4":{"name":"(anonymous_4)","decl":{"start":{"line":29,"column":27},"end":{"line":29,"column":32}},"loc":{"start":{"line":29,"column":38},"end":{"line":40,"column":9}}},"5":{"name":"(anonymous_5)","decl":{"start":{"line":45,"column":29},"end":{"line":45,"column":30}},"loc":{"start":{"line":45,"column":73},"end":{"line":47,"column":5}}},"6":{"name":"(anonymous_6)","decl":{"start":{"line":49,"column":25},"end":{"line":49,"column":26}},"loc":{"start":{"line":49,"column":71},"end":{"line":63,"column":5}}},"7":{"name":"(anonymous_7)","decl":{"start":{"line":54,"column":37},"end":{"line":54,"column":38}},"loc":{"start":{"line":55,"column":24},"end":{"line":55,"column":42}}}},"branchMap":{"0":{"loc":{"start":{"line":25,"column":42},"end":{"line":25,"column":142}},"type":"cond-expr","locations":[{"start":{"line":25,"column":61},"end":{"line":25,"column":100}},{"start":{"line":25,"column":103},"end":{"line":25,"column":142}}]},"1":{"loc":{"start":{"line":56,"column":152},"end":{"line":56,"column":203}},"type":"cond-expr","locations":[{"start":{"line":56,"column":181},"end":{"line":56,"column":190}},{"start":{"line":56,"column":193},"end":{"line":56,"column":203}}]},"2":{"loc":{"start":{"line":65,"column":4},"end":{"line":67,"column":5}},"type":"if","locations":[{"start":{"line":65,"column":4},"end":{"line":67,"column":5}}]},"3":{"loc":{"start":{"line":77,"column":13},"end":{"line":84,"column":null}},"type":"cond-expr","locations":[{"start":{"line":78,"column":16},"end":{"line":78,"column":27}},{"start":{"line":80,"column":16},"end":{"line":83,"column":null}}]}},"s":{"0":2,"1":2,"2":2,"3":2,"4":2,"5":2,"6":2,"7":14,"8":14,"9":14,"10":14,"11":14,"12":5,"13":7,"14":14,"15":7,"16":7,"17":7,"18":7,"19":5,"20":5,"21":1,"22":6,"23":7,"24":14,"25":1,"26":14,"27":18,"28":18,"29":15,"30":14,"31":1,"32":13,"33":2},"f":{"0":14,"1":5,"2":7,"3":7,"4":7,"5":1,"6":18,"7":15},"b":{"0":[5,2],"1":[3,12],"2":[1],"3":[7,6]}}
,"/home/wendell/projetos/testes/desbravador-serch/src/components/RepoList/index.ts": {"path":"/home/wendell/projetos/testes/desbravador-serch/src/components/RepoList/index.ts","statementMap":{"0":{"start":{"line":1,"column":0},"end":{"line":1,"column":26}}},"fnMap":{},"branchMap":{},"s":{"0":1},"f":{},"b":{}}
,"/home/wendell/projetos/testes/desbravador-serch/src/components/UserDetails/UserDetails.tsx": {"path":"/home/wendell/projetos/testes/desbravador-serch/src/components/UserDetails/UserDetails.tsx","statementMap":{"0":{"start":{"line":1,"column":0},"end":{"line":1,"column":44}},"1":{"start":{"line":2,"column":0},"end":{"line":2,"column":48}},"2":{"start":{"line":3,"column":0},"end":{"line":3,"column":47}},"3":{"start":{"line":4,"column":0},"end":{"line":4,"column":55}},"4":{"start":{"line":20,"column":27},"end":{"line":66,"column":1}},"5":{"start":{"line":21,"column":28},"end":{"line":21,"column":55}},"6":{"start":{"line":22,"column":30},"end":{"line":22,"column":59}},"7":{"start":{"line":24,"column":4},"end":{"line":35,"column":19}},"8":{"start":{"line":25,"column":33},"end":{"line":32,"column":9}},"9":{"start":{"line":26,"column":12},"end":{"line":31,"column":13}},"10":{"start":{"line":27,"column":33},"end":{"line":27,"column":63}},"11":{"start":{"line":28,"column":16},"end":{"line":28,"column":34}},"12":{"start":{"line":30,"column":16},"end":{"line":30,"column":47}},"13":{"start":{"line":34,"column":8},"end":{"line":34,"column":27}},"14":{"start":{"line":37,"column":4},"end":{"line":39,"column":5}},"15":{"start":{"line":38,"column":8},"end":{"line":38,"column":106}},"16":{"start":{"line":41,"column":4},"end":{"line":41,"column":34}},"17":{"start":{"line":41,"column":15},"end":{"line":41,"column":34}},"18":{"start":{"line":43,"column":4},"end":{"line":65,"column":6}},"19":{"start":{"line":20,"column":13},"end":{"line":20,"column":27}}},"fnMap":{"0":{"name":"(anonymous_0)","decl":{"start":{"line":20,"column":27},"end":{"line":20,"column":28}},"loc":{"start":{"line":20,"column":62},"end":{"line":66,"column":1}}},"1":{"name":"(anonymous_1)","decl":{"start":{"line":24,"column":14},"end":{"line":24,"column":17}},"loc":{"start":{"line":24,"column":19},"end":{"line":35,"column":5}}},"2":{"name":"(anonymous_2)","decl":{"start":{"line":25,"column":33},"end":{"line":25,"column":38}},"loc":{"start":{"line":25,"column":44},"end":{"line":32,"column":9}}}},"branchMap":{"0":{"loc":{"start":{"line":37,"column":4},"end":{"line":39,"column":5}},"type":"if","locations":[{"start":{"line":37,"column":4},"end":{"line":39,"column":5}}]},"1":{"loc":{"start":{"line":41,"column":4},"end":{"line":41,"column":34}},"type":"if","locations":[{"start":{"line":41,"column":4},"end":{"line":41,"column":34}}]},"2":{"loc":{"start":{"line":58,"column":97},"end":{"line":58,"column":126}},"type":"binary-expr","locations":[{"start":{"line":58,"column":97},"end":{"line":58,"column":107}},{"start":{"line":58,"column":111},"end":{"line":58,"column":126}}]}},"s":{"0":2,"1":2,"2":2,"3":2,"4":2,"5":11,"6":11,"7":11,"8":6,"9":6,"10":6,"11":4,"12":1,"13":6,"14":11,"15":1,"16":10,"17":6,"18":4,"19":2},"f":{"0":11,"1":6,"2":6},"b":{"0":[1],"1":[6],"2":[4,1]}}
,"/home/wendell/projetos/testes/desbravador-serch/src/components/UserDetails/index.ts": {"path":"/home/wendell/projetos/testes/desbravador-serch/src/components/UserDetails/index.ts","statementMap":{"0":{"start":{"line":1,"column":0},"end":{"line":1,"column":29}}},"fnMap":{},"branchMap":{},"s":{"0":1},"f":{},"b":{}}
,"/home/wendell/projetos/testes/desbravador-serch/src/components/UserSearch/UserSearch.tsx": {"path":"/home/wendell/projetos/testes/desbravador-serch/src/components/UserSearch/UserSearch.tsx","statementMap":{"0":{"start":{"line":1,"column":0},"end":{"line":1,"column":40}},"1":{"start":{"line":2,"column":0},"end":{"line":2,"column":47}},"2":{"start":{"line":3,"column":0},"end":{"line":3,"column":42}},"3":{"start":{"line":4,"column":0},"end":{"line":4,"column":60}},"4":{"start":{"line":6,"column":26},"end":{"line":40,"column":1}},"5":{"start":{"line":7,"column":34},"end":{"line":7,"column":54}},"6":{"start":{"line":8,"column":28},"end":{"line":8,"column":48}},"7":{"start":{"line":9,"column":19},"end":{"line":9,"column":32}},"8":{"start":{"line":11,"column":23},"end":{"line":20,"column":3}},"9":{"start":{"line":12,"column":4},"end":{"line":12,"column":23}},"10":{"start":{"line":14,"column":4},"end":{"line":19,"column":5}},"11":{"start":{"line":15,"column":6},"end":{"line":15,"column":36}},"12":{"start":{"line":16,"column":6},"end":{"line":16,"column":19}},"13":{"start":{"line":18,"column":6},"end":{"line":18,"column":83}},"14":{"start":{"line":22,"column":2},"end":{"line":39,"column":4}},"15":{"start":{"line":30,"column":27},"end":{"line":30,"column":54}},"16":{"start":{"line":6,"column":13},"end":{"line":6,"column":26}}},"fnMap":{"0":{"name":"(anonymous_0)","decl":{"start":{"line":6,"column":26},"end":{"line":6,"column":29}},"loc":{"start":{"line":6,"column":31},"end":{"line":40,"column":1}}},"1":{"name":"(anonymous_1)","decl":{"start":{"line":11,"column":23},"end":{"line":11,"column":24}},"loc":{"start":{"line":11,"column":46},"end":{"line":20,"column":3}}},"2":{"name":"(anonymous_2)","decl":{"start":{"line":30,"column":20},"end":{"line":30,"column":21}},"loc":{"start":{"line":30,"column":27},"end":{"line":30,"column":54}}}},"branchMap":{"0":{"loc":{"start":{"line":14,"column":4},"end":{"line":19,"column":5}},"type":"if","locations":[{"start":{"line":14,"column":4},"end":{"line":19,"column":5}},{"start":{"line":17,"column":11},"end":{"line":19,"column":5}}]},"1":{"loc":{"start":{"line":14,"column":8},"end":{"line":14,"column":46}},"type":"binary-expr","locations":[{"start":{"line":14,"column":8},"end":{"line":14,"column":16}},{"start":{"line":14,"column":20},"end":{"line":14,"column":46}}]},"2":{"loc":{"start":{"line":37,"column":7},"end":{"line":37,"column":90}},"type":"binary-expr","locations":[{"start":{"line":37,"column":7},"end":{"line":37,"column":12}},{"start":{"line":37,"column":16},"end":{"line":37,"column":90}}]}},"s":{"0":1,"1":1,"2":1,"3":1,"4":1,"5":11,"6":11,"7":11,"8":11,"9":4,"10":4,"11":2,"12":2,"13":2,"14":11,"15":4,"16":1},"f":{"0":11,"1":4,"2":4},"b":{"0":[2,2],"1":[4,4],"2":[11,3]}}
,"/home/wendell/projetos/testes/desbravador-serch/src/pages/Home/Home.tsx": {"path":"/home/wendell/projetos/testes/desbravador-serch/src/pages/Home/Home.tsx","statementMap":{"0":{"start":{"line":1,"column":0},"end":{"line":1,"column":53}},"1":{"start":{"line":3,"column":20},"end":{"line":11,"column":1}},"2":{"start":{"line":4,"column":4},"end":{"line":10,"column":6}},"3":{"start":{"line":3,"column":13},"end":{"line":3,"column":20}}},"fnMap":{"0":{"name":"(anonymous_0)","decl":{"start":{"line":3,"column":20},"end":{"line":3,"column":23}},"loc":{"start":{"line":3,"column":25},"end":{"line":11,"column":1}}}},"branchMap":{},"s":{"0":1,"1":1,"2":2,"3":1},"f":{"0":2},"b":{}}
,"/home/wendell/projetos/testes/desbravador-serch/src/pages/Home/index.ts": {"path":"/home/wendell/projetos/testes/desbravador-serch/src/pages/Home/index.ts","statementMap":{"0":{"start":{"line":1,"column":0},"end":{"line":1,"column":22}}},"fnMap":{},"branchMap":{},"s":{"0":1},"f":{},"b":{}}
,"/home/wendell/projetos/testes/desbravador-serch/src/pages/Repo/Repo.tsx": {"path":"/home/wendell/projetos/testes/desbravador-serch/src/pages/Repo/Repo.tsx","statementMap":{"0":{"start":{"line":1,"column":0},"end":{"line":1,"column":45}},"1":{"start":{"line":2,"column":0},"end":{"line":2,"column":55}},"2":{"start":{"line":4,"column":20},"end":{"line":12,"column":1}},"3":{"start":{"line":5,"column":35},"end":{"line":5,"column":86}},"4":{"start":{"line":7,"column":4},"end":{"line":11,"column":6}},"5":{"start":{"line":4,"column":13},"end":{"line":4,"column":20}}},"fnMap":{"0":{"name":"(anonymous_0)","decl":{"start":{"line":4,"column":20},"end":{"line":4,"column":23}},"loc":{"start":{"line":4,"column":25},"end":{"line":12,"column":1}}}},"branchMap":{"0":{"loc":{"start":{"line":9,"column":35},"end":{"line":9,"column":49}},"type":"binary-expr","locations":[{"start":{"line":9,"column":35},"end":{"line":9,"column":43}},{"start":{"line":9,"column":47},"end":{"line":9,"column":49}}]},"1":{"loc":{"start":{"line":9,"column":61},"end":{"line":9,"column":75}},"type":"binary-expr","locations":[{"start":{"line":9,"column":61},"end":{"line":9,"column":69}},{"start":{"line":9,"column":73},"end":{"line":9,"column":75}}]}},"s":{"0":1,"1":1,"2":1,"3":2,"4":2,"5":1},"f":{"0":2},"b":{"0":[2,1],"1":[2,1]}}
,"/home/wendell/projetos/testes/desbravador-serch/src/pages/Repo/index.ts": {"path":"/home/wendell/projetos/testes/desbravador-serch/src/pages/Repo/index.ts","statementMap":{"0":{"start":{"line":1,"column":0},"end":{"line":1,"column":22}}},"fnMap":{},"branchMap":{},"s":{"0":1},"f":{},"b":{}}
,"/home/wendell/projetos/testes/desbravador-serch/src/pages/User/User.tsx": {"path":"/home/wendell/projetos/testes/desbravador-serch/src/pages/User/User.tsx","statementMap":{"0":{"start":{"line":1,"column":0},"end":{"line":1,"column":45}},"1":{"start":{"line":2,"column":0},"end":{"line":2,"column":55}},"2":{"start":{"line":3,"column":0},"end":{"line":3,"column":49}},"3":{"start":{"line":5,"column":20},"end":{"line":14,"column":1}},"4":{"start":{"line":6,"column":25},"end":{"line":6,"column":58}},"5":{"start":{"line":8,"column":4},"end":{"line":13,"column":6}},"6":{"start":{"line":5,"column":13},"end":{"line":5,"column":20}}},"fnMap":{"0":{"name":"(anonymous_0)","decl":{"start":{"line":5,"column":20},"end":{"line":5,"column":23}},"loc":{"start":{"line":5,"column":25},"end":{"line":14,"column":1}}}},"branchMap":{"0":{"loc":{"start":{"line":10,"column":35},"end":{"line":10,"column":49}},"type":"binary-expr","locations":[{"start":{"line":10,"column":35},"end":{"line":10,"column":43}},{"start":{"line":10,"column":47},"end":{"line":10,"column":49}}]},"1":{"loc":{"start":{"line":11,"column":32},"end":{"line":11,"column":46}},"type":"binary-expr","locations":[{"start":{"line":11,"column":32},"end":{"line":11,"column":40}},{"start":{"line":11,"column":44},"end":{"line":11,"column":46}}]}},"s":{"0":1,"1":1,"2":1,"3":1,"4":2,"5":2,"6":1},"f":{"0":2},"b":{"0":[2,1],"1":[2,1]}}
,"/home/wendell/projetos/testes/desbravador-serch/src/pages/User/index.ts": {"path":"/home/wendell/projetos/testes/desbravador-serch/src/pages/User/index.ts","statementMap":{"0":{"start":{"line":1,"column":0},"end":{"line":1,"column":22}}},"fnMap":{},"branchMap":{},"s":{"0":1},"f":{},"b":{}}
,"/home/wendell/projetos/testes/desbravador-serch/src/utils/errorHandler/errorHandler.ts": {"path":"/home/wendell/projetos/testes/desbravador-serch/src/utils/errorHandler/errorHandler.ts","statementMap":{"0":{"start":{"line":1,"column":31},"end":{"line":6,"column":3}},"1":{"start":{"line":2,"column":4},"end":{"line":4,"column":5}},"2":{"start":{"line":3,"column":6},"end":{"line":3,"column":27}},"3":{"start":{"line":5,"column":4},"end":{"line":5,"column":42}},"4":{"start":{"line":1,"column":13},"end":{"line":1,"column":31}}},"fnMap":{"0":{"name":"(anonymous_0)","decl":{"start":{"line":1,"column":31},"end":{"line":1,"column":32}},"loc":{"start":{"line":1,"column":58},"end":{"line":6,"column":3}}}},"branchMap":{"0":{"loc":{"start":{"line":2,"column":4},"end":{"line":4,"column":5}},"type":"if","locations":[{"start":{"line":2,"column":4},"end":{"line":4,"column":5}}]}},"s":{"0":3,"1":5,"2":1,"3":4,"4":3},"f":{"0":5},"b":{"0":[1]}}
,"/home/wendell/projetos/testes/desbravador-serch/src/utils/errorHandler/index.ts": {"path":"/home/wendell/projetos/testes/desbravador-serch/src/utils/errorHandler/index.ts","statementMap":{"0":{"start":{"line":1,"column":0},"end":{"line":1,"column":30}}},"fnMap":{},"branchMap":{},"s":{"0":2},"f":{},"b":{}}
,"/home/wendell/projetos/testes/desbravador-serch/src/utils/githubValidation/githubValidation.ts": {"path":"/home/wendell/projetos/testes/desbravador-serch/src/utils/githubValidation/githubValidation.ts","statementMap":{"0":{"start":{"line":1,"column":32},"end":{"line":4,"column":1}},"1":{"start":{"line":2,"column":18},"end":{"line":2,"column":53}},"2":{"start":{"line":3,"column":4},"end":{"line":3,"column":32}},"3":{"start":{"line":1,"column":13},"end":{"line":1,"column":32}}},"fnMap":{"0":{"name":"(anonymous_0)","decl":{"start":{"line":1,"column":32},"end":{"line":1,"column":33}},"loc":{"start":{"line":1,"column":62},"end":{"line":4,"column":1}}}},"branchMap":{},"s":{"0":1,"1":19,"2":19,"3":1},"f":{"0":19},"b":{}}
}
