TN:
SF:src/components/Header/Header.tsx
FN:4,(anonymous_0)
FN:9,(anonymous_1)
FNF:2
FNH:2
FNDA:3,(anonymous_0)
FNDA:1,(anonymous_1)
DA:1,1
DA:2,1
DA:4,1
DA:5,3
DA:6,3
DA:7,3
DA:9,3
DA:10,1
DA:13,3
LF:9
LH:9
BRDA:20,0,0,3
BRDA:20,0,1,1
BRF:2
BRH:2
end_of_record
TN:
SF:src/components/Header/index.ts
FNF:0
FNH:0
DA:1,1
LF:1
LH:1
BRF:0
BRH:0
end_of_record
TN:
SF:src/components/Loading/Loading.tsx
FN:1,(anonymous_0)
FNF:1
FNH:1
FNDA:21,(anonymous_0)
DA:1,6
DA:3,21
LF:2
LH:2
BRF:0
BRH:0
end_of_record
TN:
SF:src/components/Loading/index.ts
FNF:0
FNH:0
DA:1,5
LF:1
LH:1
BRF:0
BRH:0
end_of_record
TN:
SF:src/components/RepoDetails/RepoDetails.tsx
FN:23,(anonymous_0)
FN:28,(anonymous_1)
FN:29,(anonymous_2)
FNF:3
FNH:3
FNDA:13,(anonymous_0)
FNDA:7,(anonymous_1)
FNDA:7,(anonymous_2)
DA:1,2
DA:2,2
DA:3,2
DA:4,2
DA:23,2
DA:24,13
DA:25,13
DA:26,13
DA:28,13
DA:29,7
DA:30,7
DA:31,7
DA:32,7
DA:33,5
DA:35,1
DA:37,6
DA:41,7
DA:44,13
DA:45,1
DA:48,12
DA:50,5
DA:52,4
LF:22
LH:22
BRDA:44,0,0,1
BRDA:48,1,0,7
BRDA:50,2,0,1
BRDA:58,3,0,4
BRDA:58,3,1,1
BRDA:64,4,0,4
BRDA:64,4,1,1
BRDA:65,5,0,4
BRDA:65,5,1,1
BRF:9
BRH:9
end_of_record
TN:
SF:src/components/RepoDetails/index.ts
FNF:0
FNH:0
DA:1,1
LF:1
LH:1
BRF:0
BRH:0
end_of_record
TN:
SF:src/components/RepoList/RepoList.tsx
FN:18,(anonymous_0)
FN:24,(anonymous_1)
FN:25,(anonymous_2)
FN:28,(anonymous_3)
FN:29,(anonymous_4)
FN:45,(anonymous_5)
FN:49,(anonymous_6)
FN:54,(anonymous_7)
FNF:8
FNH:8
FNDA:14,(anonymous_0)
FNDA:5,(anonymous_1)
FNDA:7,(anonymous_2)
FNDA:7,(anonymous_3)
FNDA:7,(anonymous_4)
FNDA:1,(anonymous_5)
FNDA:18,(anonymous_6)
FNDA:15,(anonymous_7)
DA:1,2
DA:2,2
DA:3,2
DA:4,2
DA:5,2
DA:6,2
DA:18,2
DA:19,14
DA:20,14
DA:21,14
DA:22,14
DA:24,14
DA:25,7
DA:28,14
DA:29,7
DA:30,7
DA:31,7
DA:32,7
DA:33,5
DA:34,5
DA:36,1
DA:38,6
DA:42,7
DA:45,14
DA:46,1
DA:49,14
DA:50,18
DA:51,18
DA:55,15
DA:65,14
DA:66,1
DA:69,13
LF:32
LH:32
BRDA:25,0,0,5
BRDA:25,0,1,2
BRDA:56,1,0,3
BRDA:56,1,1,12
BRDA:65,2,0,1
BRDA:77,3,0,7
BRDA:77,3,1,6
BRF:7
BRH:7
end_of_record
TN:
SF:src/components/RepoList/index.ts
FNF:0
FNH:0
DA:1,1
LF:1
LH:1
BRF:0
BRH:0
end_of_record
TN:
SF:src/components/UserDetails/UserDetails.tsx
FN:20,(anonymous_0)
FN:24,(anonymous_1)
FN:25,(anonymous_2)
FNF:3
FNH:3
FNDA:11,(anonymous_0)
FNDA:6,(anonymous_1)
FNDA:6,(anonymous_2)
DA:1,2
DA:2,2
DA:3,2
DA:4,2
DA:20,2
DA:21,11
DA:22,11
DA:24,11
DA:25,6
DA:26,6
DA:27,6
DA:28,4
DA:30,1
DA:34,6
DA:37,11
DA:38,1
DA:41,10
DA:43,4
LF:18
LH:18
BRDA:37,0,0,1
BRDA:41,1,0,6
BRDA:58,2,0,4
BRDA:58,2,1,1
BRF:4
BRH:4
end_of_record
TN:
SF:src/components/UserDetails/index.ts
FNF:0
FNH:0
DA:1,1
LF:1
LH:1
BRF:0
BRH:0
end_of_record
TN:
SF:src/components/UserSearch/UserSearch.tsx
FN:6,(anonymous_0)
FN:11,(anonymous_1)
FN:30,(anonymous_2)
FNF:3
FNH:3
FNDA:11,(anonymous_0)
FNDA:4,(anonymous_1)
FNDA:4,(anonymous_2)
DA:1,1
DA:2,1
DA:3,1
DA:4,1
DA:6,1
DA:7,11
DA:8,11
DA:9,11
DA:11,11
DA:12,4
DA:14,4
DA:15,2
DA:16,2
DA:18,2
DA:22,11
DA:30,4
LF:16
LH:16
BRDA:14,0,0,2
BRDA:14,0,1,2
BRDA:14,1,0,4
BRDA:14,1,1,4
BRDA:37,2,0,11
BRDA:37,2,1,3
BRF:6
BRH:6
end_of_record
TN:
SF:src/pages/Home/Home.tsx
FN:3,(anonymous_0)
FNF:1
FNH:1
FNDA:2,(anonymous_0)
DA:1,1
DA:3,1
DA:4,2
LF:3
LH:3
BRF:0
BRH:0
end_of_record
TN:
SF:src/pages/Home/index.ts
FNF:0
FNH:0
DA:1,1
LF:1
LH:1
BRF:0
BRH:0
end_of_record
TN:
SF:src/pages/Repo/Repo.tsx
FN:4,(anonymous_0)
FNF:1
FNH:1
FNDA:2,(anonymous_0)
DA:1,1
DA:2,1
DA:4,1
DA:5,2
DA:7,2
LF:5
LH:5
BRDA:9,0,0,2
BRDA:9,0,1,1
BRDA:9,1,0,2
BRDA:9,1,1,1
BRF:4
BRH:4
end_of_record
TN:
SF:src/pages/Repo/index.ts
FNF:0
FNH:0
DA:1,1
LF:1
LH:1
BRF:0
BRH:0
end_of_record
TN:
SF:src/pages/User/User.tsx
FN:5,(anonymous_0)
FNF:1
FNH:1
FNDA:2,(anonymous_0)
DA:1,1
DA:2,1
DA:3,1
DA:5,1
DA:6,2
DA:8,2
LF:6
LH:6
BRDA:10,0,0,2
BRDA:10,0,1,1
BRDA:11,1,0,2
BRDA:11,1,1,1
BRF:4
BRH:4
end_of_record
TN:
SF:src/pages/User/index.ts
FNF:0
FNH:0
DA:1,1
LF:1
LH:1
BRF:0
BRH:0
end_of_record
TN:
SF:src/utils/errorHandler/errorHandler.ts
FN:1,(anonymous_0)
FNF:1
FNH:1
FNDA:5,(anonymous_0)
DA:1,3
DA:2,5
DA:3,1
DA:5,4
LF:4
LH:4
BRDA:2,0,0,1
BRF:1
BRH:1
end_of_record
TN:
SF:src/utils/errorHandler/index.ts
FNF:0
FNH:0
DA:1,2
LF:1
LH:1
BRF:0
BRH:0
end_of_record
TN:
SF:src/utils/githubValidation/githubValidation.ts
FN:1,(anonymous_0)
FNF:1
FNH:1
FNDA:19,(anonymous_0)
DA:1,1
DA:2,19
DA:3,19
LF:3
LH:3
BRF:0
BRH:0
end_of_record
